2024-10-03 14:18:00 Standard Commons Logging discovery in action with spring-jcl: please remove commons-logging.jar from classpath in order to avoid potential conflicts
2024-10-03 14:18:01
2024-10-03 14:18:01   .   ____          _            __ _ _
2024-10-03 14:18:01  /\\ / ___'_ __ _ _(_)_ __  __ _ \ \ \ \
2024-10-03 14:18:01 ( ( )\___ | '_ | '_| | '_ \/ _` | \ \ \ \
2024-10-03 14:18:01  \\/  ___)| |_)| | | | | || (_| |  ) ) ) )
2024-10-03 14:18:01   '  |____| .__|_| |_|_| |_\__, | / / / /
2024-10-03 14:18:01  =========|_|==============|___/=/_/_/_/
2024-10-03 14:18:01
2024-10-03 14:18:01  :: Spring Boot ::                (v3.3.4)
2024-10-03 14:18:01
2024-10-03 14:18:01 2024-10-03T12:18:01.517Z  INFO 1 --- [discovery-service] [           main] c.w.d.DiscoveryServiceApplication        : Starting DiscoveryServiceApplication v0.0.1-SNAPSHOT using Java 17.0.12 with PID 1 (/services/app/discovery-service-0.0.1-SNAPSHOT.jar started by root in /services/app)
2024-10-03 14:18:01 2024-10-03T12:18:01.521Z  INFO 1 --- [discovery-service] [           main] c.w.d.DiscoveryServiceApplication        : The following 1 profile is active: "native"
2024-10-03 14:18:01 2024-10-03T12:18:01.571Z  INFO 1 --- [discovery-service] [           main] o.s.c.c.c.ConfigServerConfigDataLoader   : Fetching config from server at : http://lms-config:8888
2024-10-03 14:18:01 2024-10-03T12:18:01.571Z  INFO 1 --- [discovery-service] [           main] o.s.c.c.c.ConfigServerConfigDataLoader   : Located environment: name=discovery-service, profiles=[default], label=null, version=null, state=null
2024-10-03 14:18:01 2024-10-03T12:18:01.571Z  INFO 1 --- [discovery-service] [           main] o.s.c.c.c.ConfigServerConfigDataLoader   : Fetching config from server at : http://lms-config:8888
2024-10-03 14:18:01 2024-10-03T12:18:01.572Z  INFO 1 --- [discovery-service] [           main] o.s.c.c.c.ConfigServerConfigDataLoader   : Located environment: name=discovery-service, profiles=[native], label=null, version=null, state=null
2024-10-03 14:18:02 2024-10-03T12:18:02.535Z  INFO 1 --- [discovery-service] [           main] o.s.cloud.context.scope.GenericScope     : BeanFactory id=b532631c-456a-32c3-addc-59afa9cb70df
2024-10-03 14:18:02 2024-10-03T12:18:02.589Z  WARN 1 --- [discovery-service] [           main] trationDelegate$BeanPostProcessorChecker : Bean 'org.springframework.cloud.client.loadbalancer.LoadBalancerAutoConfiguration$DeferringLoadBalancerInterceptorConfig' of type [org.springframework.cloud.client.loadbalancer.LoadBalancerAutoConfiguration$DeferringLoadBalancerInterceptorConfig] is not eligible for getting processed by all BeanPostProcessors (for example: not eligible for auto-proxying). The currently created BeanPostProcessor [lbRestClientPostProcessor] is declared through a non-static factory method on that class; consider declaring it as static instead.
2024-10-03 14:18:02 2024-10-03T12:18:02.592Z  WARN 1 --- [discovery-service] [           main] trationDelegate$BeanPostProcessorChecker : Bean 'deferringLoadBalancerInterceptor' of type [org.springframework.cloud.client.loadbalancer.DeferringLoadBalancerInterceptor] is not eligible for getting processed by all BeanPostProcessors (for example: not eligible for auto-proxying). Is this bean getting eagerly injected into a currently created BeanPostProcessor [lbRestClientPostProcessor]? Check the corresponding BeanPostProcessor declaration and its dependencies.
2024-10-03 14:18:02 2024-10-03T12:18:02.806Z  INFO 1 --- [discovery-service] [           main] o.s.b.w.embedded.tomcat.TomcatWebServer  : Tomcat initialized with port 8080 (http)
2024-10-03 14:18:02 2024-10-03T12:18:02.828Z  INFO 1 --- [discovery-service] [           main] o.apache.catalina.core.StandardService   : Starting service [Tomcat]
2024-10-03 14:18:02 2024-10-03T12:18:02.829Z  INFO 1 --- [discovery-service] [           main] o.apache.catalina.core.StandardEngine    : Starting Servlet engine: [Apache Tomcat/10.1.30]
2024-10-03 14:18:02 2024-10-03T12:18:02.891Z  INFO 1 --- [discovery-service] [           main] o.a.c.c.C.[Tomcat].[localhost].[/]       : Initializing Spring embedded WebApplicationContext
2024-10-03 14:18:02 2024-10-03T12:18:02.893Z  INFO 1 --- [discovery-service] [           main] w.s.c.ServletWebServerApplicationContext : Root WebApplicationContext: initialization completed in 1317 ms
2024-10-03 14:18:02 Standard Commons Logging discovery in action with spring-jcl: please remove commons-logging.jar from classpath in order to avoid potential conflicts
2024-10-03 14:18:03 2024-10-03T12:18:03.829Z  INFO 1 --- [discovery-service] [           main] c.n.d.provider.DiscoveryJerseyProvider   : Using JSON encoding codec LegacyJacksonJson
2024-10-03 14:18:03 2024-10-03T12:18:03.830Z  INFO 1 --- [discovery-service] [           main] c.n.d.provider.DiscoveryJerseyProvider   : Using JSON decoding codec LegacyJacksonJson
2024-10-03 14:18:04 2024-10-03T12:18:04.029Z  INFO 1 --- [discovery-service] [           main] c.n.d.provider.DiscoveryJerseyProvider   : Using XML encoding codec XStreamXml
2024-10-03 14:18:04 2024-10-03T12:18:04.030Z  INFO 1 --- [discovery-service] [           main] c.n.d.provider.DiscoveryJerseyProvider   : Using XML decoding codec XStreamXml
2024-10-03 14:18:04 2024-10-03T12:18:04.777Z  WARN 1 --- [discovery-service] [           main] iguration$LoadBalancerCaffeineWarnLogger : Spring Cloud LoadBalancer is currently working with the default cache. While this cache implementation is useful for development and tests, it's recommended to use Caffeine cache in production.You can switch to using Caffeine cache, by adding it and org.springframework.cache.caffeine.CaffeineCacheManager to the classpath.
2024-10-03 14:18:04 2024-10-03T12:18:04.799Z  INFO 1 --- [discovery-service] [           main] o.s.c.n.eureka.InstanceInfoFactory       : Setting initial instance status as: STARTING
2024-10-03 14:18:04 2024-10-03T12:18:04.816Z  INFO 1 --- [discovery-service] [           main] com.netflix.discovery.DiscoveryClient    : Initializing Eureka in region us-east-1
2024-10-03 14:18:04 2024-10-03T12:18:04.832Z  INFO 1 --- [discovery-service] [           main] c.n.d.provider.DiscoveryJerseyProvider   : Using JSON encoding codec LegacyJacksonJson
2024-10-03 14:18:04 2024-10-03T12:18:04.832Z  INFO 1 --- [discovery-service] [           main] c.n.d.provider.DiscoveryJerseyProvider   : Using JSON decoding codec LegacyJacksonJson
2024-10-03 14:18:04 2024-10-03T12:18:04.832Z  INFO 1 --- [discovery-service] [           main] c.n.d.provider.DiscoveryJerseyProvider   : Using XML encoding codec XStreamXml
2024-10-03 14:18:04 2024-10-03T12:18:04.832Z  INFO 1 --- [discovery-service] [           main] c.n.d.provider.DiscoveryJerseyProvider   : Using XML decoding codec XStreamXml
2024-10-03 14:18:04 2024-10-03T12:18:04.843Z  INFO 1 --- [discovery-service] [           main] c.n.d.s.r.aws.ConfigClusterResolver      : Resolving eureka endpoints via configuration
2024-10-03 14:18:04 2024-10-03T12:18:04.850Z  INFO 1 --- [discovery-service] [           main] com.netflix.discovery.DiscoveryClient    : Disable delta property : false
2024-10-03 14:18:04 2024-10-03T12:18:04.850Z  INFO 1 --- [discovery-service] [           main] com.netflix.discovery.DiscoveryClient    : Single vip registry refresh property : null
2024-10-03 14:18:04 2024-10-03T12:18:04.850Z  INFO 1 --- [discovery-service] [           main] com.netflix.discovery.DiscoveryClient    : Force full registry fetch : false
2024-10-03 14:18:04 2024-10-03T12:18:04.850Z  INFO 1 --- [discovery-service] [           main] com.netflix.discovery.DiscoveryClient    : Application is null : false
2024-10-03 14:18:04 2024-10-03T12:18:04.851Z  INFO 1 --- [discovery-service] [           main] com.netflix.discovery.DiscoveryClient    : Registered Applications size is zero : true
2024-10-03 14:18:04 2024-10-03T12:18:04.851Z  INFO 1 --- [discovery-service] [           main] com.netflix.discovery.DiscoveryClient    : Application version is -1: true
2024-10-03 14:18:04 2024-10-03T12:18:04.851Z  INFO 1 --- [discovery-service] [           main] com.netflix.discovery.DiscoveryClient    : Getting all instance registry info from the eureka server
2024-10-03 14:18:04 2024-10-03T12:18:04.930Z  INFO 1 --- [discovery-service] [           main] c.n.d.s.t.d.RedirectingEurekaHttpClient  : Request execution error. endpoint=DefaultEndpoint{ serviceUrl='http://localhost:8761/eureka/}, exception=java.net.ConnectException: Connection refused stacktrace=jakarta.ws.rs.ProcessingException: java.net.ConnectException: Connection refused
2024-10-03 14:18:04 at org.glassfish.jersey.client.internal.HttpUrlConnector.apply(HttpUrlConnector.java:288)
2024-10-03 14:18:04 at org.glassfish.jersey.client.ClientRuntime.invoke(ClientRuntime.java:300)
2024-10-03 14:18:04 at org.glassfish.jersey.client.JerseyInvocation.lambda$invoke$0(JerseyInvocation.java:674)
2024-10-03 14:18:04 at org.glassfish.jersey.client.JerseyInvocation.call(JerseyInvocation.java:709)
2024-10-03 14:18:04 at org.glassfish.jersey.client.JerseyInvocation.lambda$runInScope$3(JerseyInvocation.java:703)
2024-10-03 14:18:04 at org.glassfish.jersey.internal.Errors.process(Errors.java:292)
2024-10-03 14:18:04 at org.glassfish.jersey.internal.Errors.process(Errors.java:274)
2024-10-03 14:18:04 at org.glassfish.jersey.internal.Errors.process(Errors.java:205)
2024-10-03 14:18:04 at org.glassfish.jersey.process.internal.RequestScope.runInScope(RequestScope.java:391)
2024-10-03 14:18:04 at org.glassfish.jersey.client.JerseyInvocation.runInScope(JerseyInvocation.java:703)
2024-10-03 14:18:04 at org.glassfish.jersey.client.JerseyInvocation.invoke(JerseyInvocation.java:673)
2024-10-03 14:18:04 at org.glassfish.jersey.client.JerseyInvocation$Builder.method(JerseyInvocation.java:413)
2024-10-03 14:18:04 at org.glassfish.jersey.client.JerseyInvocation$Builder.get(JerseyInvocation.java:313)
2024-10-03 14:18:04 at com.netflix.discovery.shared.transport.jersey3.AbstractJersey3EurekaHttpClient.getApplicationsInternal(AbstractJersey3EurekaHttpClient.java:266)
2024-10-03 14:18:04 at com.netflix.discovery.shared.transport.jersey3.AbstractJersey3EurekaHttpClient.getApplications(AbstractJersey3EurekaHttpClient.java:213)
2024-10-03 14:18:04 at com.netflix.discovery.shared.transport.decorator.EurekaHttpClientDecorator$6.execute(EurekaHttpClientDecorator.java:137)
2024-10-03 14:18:04 at com.netflix.discovery.shared.transport.decorator.MetricsCollectingEurekaHttpClient.execute(MetricsCollectingEurekaHttpClient.java:70)
2024-10-03 14:18:04 at com.netflix.discovery.shared.transport.decorator.EurekaHttpClientDecorator.getApplications(EurekaHttpClientDecorator.java:134)
2024-10-03 14:18:04 at com.netflix.discovery.shared.transport.decorator.EurekaHttpClientDecorator$6.execute(EurekaHttpClientDecorator.java:137)
2024-10-03 14:18:04 at com.netflix.discovery.shared.transport.decorator.RedirectingEurekaHttpClient.executeOnNewServer(RedirectingEurekaHttpClient.java:121)
2024-10-03 14:18:04 at com.netflix.discovery.shared.transport.decorator.RedirectingEurekaHttpClient.execute(RedirectingEurekaHttpClient.java:80)
2024-10-03 14:18:04 at com.netflix.discovery.shared.transport.decorator.EurekaHttpClientDecorator.getApplications(EurekaHttpClientDecorator.java:134)
2024-10-03 14:18:04 at com.netflix.discovery.shared.transport.decorator.EurekaHttpClientDecorator$6.execute(EurekaHttpClientDecorator.java:137)
2024-10-03 14:18:04 at com.netflix.discovery.shared.transport.decorator.RetryableEurekaHttpClient.execute(RetryableEurekaHttpClient.java:120)
2024-10-03 14:18:04 at com.netflix.discovery.shared.transport.decorator.EurekaHttpClientDecorator.getApplications(EurekaHttpClientDecorator.java:134)
2024-10-03 14:18:04 at com.netflix.discovery.shared.transport.decorator.EurekaHttpClientDecorator$6.execute(EurekaHttpClientDecorator.java:137)
2024-10-03 14:18:04 at com.netflix.discovery.shared.transport.decorator.SessionedEurekaHttpClient.execute(SessionedEurekaHttpClient.java:76)
2024-10-03 14:18:04 at com.netflix.discovery.shared.transport.decorator.EurekaHttpClientDecorator.getApplications(EurekaHttpClientDecorator.java:134)
2024-10-03 14:18:04 at com.netflix.discovery.DiscoveryClient.getAndStoreFullRegistry(DiscoveryClient.java:1046)
2024-10-03 14:18:04 at com.netflix.discovery.DiscoveryClient.fetchRegistry(DiscoveryClient.java:961)
2024-10-03 14:18:04 at com.netflix.discovery.DiscoveryClient.<init>(DiscoveryClient.java:410)
2024-10-03 14:18:04 at com.netflix.discovery.DiscoveryClient.<init>(DiscoveryClient.java:245)
2024-10-03 14:18:04 at com.netflix.discovery.DiscoveryClient.<init>(DiscoveryClient.java:240)
2024-10-03 14:18:04 at org.springframework.cloud.netflix.eureka.CloudEurekaClient.<init>(CloudEurekaClient.java:68)
2024-10-03 14:18:04 at org.springframework.cloud.netflix.eureka.EurekaClientAutoConfiguration$RefreshableEurekaClientConfiguration.eurekaClient(EurekaClientAutoConfiguration.java:321)
2024-10-03 14:18:04 at java.base/jdk.internal.reflect.NativeMethodAccessorImpl.invoke0(Native Method)
2024-10-03 14:18:04 at java.base/jdk.internal.reflect.NativeMethodAccessorImpl.invoke(NativeMethodAccessorImpl.java:77)
2024-10-03 14:18:04 at java.base/jdk.internal.reflect.DelegatingMethodAccessorImpl.invoke(DelegatingMethodAccessorImpl.java:43)
2024-10-03 14:18:04 at java.base/java.lang.reflect.Method.invoke(Method.java:569)
2024-10-03 14:18:04 at org.springframework.beans.factory.support.SimpleInstantiationStrategy.instantiate(SimpleInstantiationStrategy.java:146)
2024-10-03 14:18:04 at org.springframework.beans.factory.support.ConstructorResolver.instantiate(ConstructorResolver.java:644)
2024-10-03 14:18:04 at org.springframework.beans.factory.support.ConstructorResolver.instantiateUsingFactoryMethod(ConstructorResolver.java:636)
2024-10-03 14:18:04 at org.springframework.beans.factory.support.AbstractAutowireCapableBeanFactory.instantiateUsingFactoryMethod(AbstractAutowireCapableBeanFactory.java:1355)
2024-10-03 14:18:04 at org.springframework.beans.factory.support.AbstractAutowireCapableBeanFactory.createBeanInstance(AbstractAutowireCapableBeanFactory.java:1185)
2024-10-03 14:18:04 at org.springframework.beans.factory.support.AbstractAutowireCapableBeanFactory.doCreateBean(AbstractAutowireCapableBeanFactory.java:562)
2024-10-03 14:18:04 at org.springframework.beans.factory.support.AbstractAutowireCapableBeanFactory.createBean(AbstractAutowireCapableBeanFactory.java:522)
2024-10-03 14:18:04 at org.springframework.beans.factory.support.AbstractBeanFactory.lambda$doGetBean$1(AbstractBeanFactory.java:376)
2024-10-03 14:18:04 at org.springframework.cloud.context.scope.GenericScope$BeanLifecycleWrapper.getBean(GenericScope.java:375)
2024-10-03 14:18:04 at org.springframework.cloud.context.scope.GenericScope.get(GenericScope.java:179)
2024-10-03 14:18:04 at org.springframework.beans.factory.support.AbstractBeanFactory.doGetBean(AbstractBeanFactory.java:373)
2024-10-03 14:18:04 at org.springframework.beans.factory.support.AbstractBeanFactory.getBean(AbstractBeanFactory.java:200)
2024-10-03 14:18:04 at org.springframework.aop.target.SimpleBeanTargetSource.getTarget(SimpleBeanTargetSource.java:35)
2024-10-03 14:18:04 at org.springframework.aop.framework.JdkDynamicAopProxy.invoke(JdkDynamicAopProxy.java:203)
2024-10-03 14:18:04 at jdk.proxy2/jdk.proxy2.$Proxy72.getApplications(Unknown Source)
2024-10-03 14:18:04 at org.springframework.cloud.netflix.eureka.server.EurekaServerAutoConfiguration.peerAwareInstanceRegistry(EurekaServerAutoConfiguration.java:240)
2024-10-03 14:18:04 at java.base/jdk.internal.reflect.NativeMethodAccessorImpl.invoke0(Native Method)
2024-10-03 14:18:04 at java.base/jdk.internal.reflect.NativeMethodAccessorImpl.invoke(NativeMethodAccessorImpl.java:77)
2024-10-03 14:18:04 at java.base/jdk.internal.reflect.DelegatingMethodAccessorImpl.invoke(DelegatingMethodAccessorImpl.java:43)
2024-10-03 14:18:04 at java.base/java.lang.reflect.Method.invoke(Method.java:569)
2024-10-03 14:18:04 at org.springframework.beans.factory.support.SimpleInstantiationStrategy.instantiate(SimpleInstantiationStrategy.java:146)
2024-10-03 14:18:04 at org.springframework.beans.factory.support.ConstructorResolver.instantiate(ConstructorResolver.java:644)
2024-10-03 14:18:04 at org.springframework.beans.factory.support.ConstructorResolver.instantiateUsingFactoryMethod(ConstructorResolver.java:636)
2024-10-03 14:18:04 at org.springframework.beans.factory.support.AbstractAutowireCapableBeanFactory.instantiateUsingFactoryMethod(AbstractAutowireCapableBeanFactory.java:1355)
2024-10-03 14:18:04 at org.springframework.beans.factory.support.AbstractAutowireCapableBeanFactory.createBeanInstance(AbstractAutowireCapableBeanFactory.java:1185)
2024-10-03 14:18:04 at org.springframework.beans.factory.support.AbstractAutowireCapableBeanFactory.doCreateBean(AbstractAutowireCapableBeanFactory.java:562)
2024-10-03 14:18:04 at org.springframework.beans.factory.support.AbstractAutowireCapableBeanFactory.createBean(AbstractAutowireCapableBeanFactory.java:522)
2024-10-03 14:18:04 at org.springframework.beans.factory.support.AbstractBeanFactory.lambda$doGetBean$0(AbstractBeanFactory.java:337)
2024-10-03 14:18:04 at org.springframework.beans.factory.support.DefaultSingletonBeanRegistry.getSingleton(DefaultSingletonBeanRegistry.java:234)
2024-10-03 14:18:04 at org.springframework.beans.factory.support.AbstractBeanFactory.doGetBean(AbstractBeanFactory.java:335)
2024-10-03 14:18:04 at org.springframework.beans.factory.support.AbstractBeanFactory.getBean(AbstractBeanFactory.java:200)
2024-10-03 14:18:04 at org.springframework.beans.factory.config.DependencyDescriptor.resolveCandidate(DependencyDescriptor.java:254)
2024-10-03 14:18:04 at org.springframework.beans.factory.support.DefaultListableBeanFactory.doResolveDependency(DefaultListableBeanFactory.java:1443)
2024-10-03 14:18:04 at org.springframework.beans.factory.support.DefaultListableBeanFactory.resolveDependency(DefaultListableBeanFactory.java:1353)
2024-10-03 14:18:04 at org.springframework.beans.factory.support.ConstructorResolver.resolveAutowiredArgument(ConstructorResolver.java:904)
2024-10-03 14:18:04 at org.springframework.beans.factory.support.ConstructorResolver.createArgumentArray(ConstructorResolver.java:782)
2024-10-03 14:18:04 at org.springframework.beans.factory.support.ConstructorResolver.instantiateUsingFactoryMethod(ConstructorResolver.java:542)
2024-10-03 14:18:04 at org.springframework.beans.factory.support.AbstractAutowireCapableBeanFactory.instantiateUsingFactoryMethod(AbstractAutowireCapableBeanFactory.java:1355)
2024-10-03 14:18:04 at org.springframework.beans.factory.support.AbstractAutowireCapableBeanFactory.createBeanInstance(AbstractAutowireCapableBeanFactory.java:1185)
2024-10-03 14:18:04 at org.springframework.beans.factory.support.AbstractAutowireCapableBeanFactory.doCreateBean(AbstractAutowireCapableBeanFactory.java:562)
2024-10-03 14:18:04 at org.springframework.beans.factory.support.AbstractAutowireCapableBeanFactory.createBean(AbstractAutowireCapableBeanFactory.java:522)
2024-10-03 14:18:04 at org.springframework.beans.factory.support.AbstractBeanFactory.lambda$doGetBean$0(AbstractBeanFactory.java:337)
2024-10-03 14:18:04 at org.springframework.beans.factory.support.DefaultSingletonBeanRegistry.getSingleton(DefaultSingletonBeanRegistry.java:234)
2024-10-03 14:18:04 at org.springframework.beans.factory.support.AbstractBeanFactory.doGetBean(AbstractBeanFactory.java:335)
2024-10-03 14:18:04 at org.springframework.beans.factory.support.AbstractBeanFactory.getBean(AbstractBeanFactory.java:200)
2024-10-03 14:18:04 at org.springframework.beans.factory.config.DependencyDescriptor.resolveCandidate(DependencyDescriptor.java:254)
2024-10-03 14:18:04 at org.springframework.beans.factory.support.DefaultListableBeanFactory.doResolveDependency(DefaultListableBeanFactory.java:1443)
2024-10-03 14:18:04 at org.springframework.beans.factory.support.DefaultListableBeanFactory.resolveDependency(DefaultListableBeanFactory.java:1353)
2024-10-03 14:18:04 at org.springframework.beans.factory.annotation.AutowiredAnnotationBeanPostProcessor$AutowiredFieldElement.resolveFieldValue(AutowiredAnnotationBeanPostProcessor.java:785)
2024-10-03 14:18:04 at org.springframework.beans.factory.annotation.AutowiredAnnotationBeanPostProcessor$AutowiredFieldElement.inject(AutowiredAnnotationBeanPostProcessor.java:768)
2024-10-03 14:18:04 at org.springframework.beans.factory.annotation.InjectionMetadata.inject(InjectionMetadata.java:145)
2024-10-03 14:18:04 at org.springframework.beans.factory.annotation.AutowiredAnnotationBeanPostProcessor.postProcessProperties(AutowiredAnnotationBeanPostProcessor.java:509)
2024-10-03 14:18:04 at org.springframework.beans.factory.support.AbstractAutowireCapableBeanFactory.populateBean(AbstractAutowireCapableBeanFactory.java:1439)
2024-10-03 14:18:04 at org.springframework.beans.factory.support.AbstractAutowireCapableBeanFactory.doCreateBean(AbstractAutowireCapableBeanFactory.java:599)
2024-10-03 14:18:04 at org.springframework.beans.factory.support.AbstractAutowireCapableBeanFactory.createBean(AbstractAutowireCapableBeanFactory.java:522)
2024-10-03 14:18:04 at org.springframework.beans.factory.support.AbstractBeanFactory.lambda$doGetBean$0(AbstractBeanFactory.java:337)
2024-10-03 14:18:04 at org.springframework.beans.factory.support.DefaultSingletonBeanRegistry.getSingleton(DefaultSingletonBeanRegistry.java:234)
2024-10-03 14:18:04 at org.springframework.beans.factory.support.AbstractBeanFactory.doGetBean(AbstractBeanFactory.java:335)
2024-10-03 14:18:04 at org.springframework.beans.factory.support.AbstractBeanFactory.getBean(AbstractBeanFactory.java:200)
2024-10-03 14:18:04 at org.springframework.beans.factory.support.DefaultListableBeanFactory.preInstantiateSingletons(DefaultListableBeanFactory.java:975)
2024-10-03 14:18:04 at org.springframework.context.support.AbstractApplicationContext.finishBeanFactoryInitialization(AbstractApplicationContext.java:971)
2024-10-03 14:18:04 at org.springframework.context.support.AbstractApplicationContext.refresh(AbstractApplicationContext.java:625)
2024-10-03 14:18:04 at org.springframework.boot.web.servlet.context.ServletWebServerApplicationContext.refresh(ServletWebServerApplicationContext.java:146)
2024-10-03 14:18:04 at org.springframework.boot.SpringApplication.refresh(SpringApplication.java:754)
2024-10-03 14:18:04 at org.springframework.boot.SpringApplication.refreshContext(SpringApplication.java:456)
2024-10-03 14:18:04 at org.springframework.boot.SpringApplication.run(SpringApplication.java:335)
2024-10-03 14:18:04 at org.springframework.boot.SpringApplication.run(SpringApplication.java:1363)
2024-10-03 14:18:04 at org.springframework.boot.SpringApplication.run(SpringApplication.java:1352)
2024-10-03 14:18:04 at com.warrioracademy.discoveryservice.DiscoveryServiceApplication.main(DiscoveryServiceApplication.java:12)
2024-10-03 14:18:04 at java.base/jdk.internal.reflect.NativeMethodAccessorImpl.invoke0(Native Method)
2024-10-03 14:18:04 at java.base/jdk.internal.reflect.NativeMethodAccessorImpl.invoke(NativeMethodAccessorImpl.java:77)
2024-10-03 14:18:04 at java.base/jdk.internal.reflect.DelegatingMethodAccessorImpl.invoke(DelegatingMethodAccessorImpl.java:43)
2024-10-03 14:18:04 at java.base/java.lang.reflect.Method.invoke(Method.java:569)
2024-10-03 14:18:04 at org.springframework.boot.loader.launch.Launcher.launch(Launcher.java:102)
2024-10-03 14:18:04 at org.springframework.boot.loader.launch.Launcher.launch(Launcher.java:64)
2024-10-03 14:18:04 at org.springframework.boot.loader.launch.JarLauncher.main(JarLauncher.java:40)
2024-10-03 14:18:04 Caused by: java.net.ConnectException: Connection refused
2024-10-03 14:18:04 at java.base/sun.nio.ch.Net.pollConnect(Native Method)
2024-10-03 14:18:04 at java.base/sun.nio.ch.Net.pollConnectNow(Net.java:672)
2024-10-03 14:18:04 at java.base/sun.nio.ch.NioSocketImpl.timedFinishConnect(NioSocketImpl.java:547)
2024-10-03 14:18:04 at java.base/sun.nio.ch.NioSocketImpl.connect(NioSocketImpl.java:602)
2024-10-03 14:18:04 at java.base/java.net.Socket.connect(Socket.java:633)
2024-10-03 14:18:04 at java.base/sun.net.NetworkClient.doConnect(NetworkClient.java:178)
2024-10-03 14:18:04 at java.base/sun.net.www.http.HttpClient.openServer(HttpClient.java:533)
2024-10-03 14:18:04 at java.base/sun.net.www.http.HttpClient.openServer(HttpClient.java:638)
2024-10-03 14:18:04 at java.base/sun.net.www.http.HttpClient.<init>(HttpClient.java:281)
2024-10-03 14:18:04 at java.base/sun.net.www.http.HttpClient.New(HttpClient.java:386)
2024-10-03 14:18:04 at java.base/sun.net.www.http.HttpClient.New(HttpClient.java:408)
2024-10-03 14:18:04 at java.base/sun.net.www.protocol.http.HttpURLConnection.getNewHttpClient(HttpURLConnection.java:1308)
2024-10-03 14:18:04 at java.base/sun.net.www.protocol.http.HttpURLConnection.plainConnect0(HttpURLConnection.java:1241)
2024-10-03 14:18:04 at java.base/sun.net.www.protocol.http.HttpURLConnection.plainConnect(HttpURLConnection.java:1127)
2024-10-03 14:18:04 at java.base/sun.net.www.protocol.http.HttpURLConnection.connect(HttpURLConnection.java:1056)
2024-10-03 14:18:04 at java.base/sun.net.www.protocol.http.HttpURLConnection.getInputStream0(HttpURLConnection.java:1686)
2024-10-03 14:18:04 at java.base/sun.net.www.protocol.http.HttpURLConnection.getInputStream(HttpURLConnection.java:1610)
2024-10-03 14:18:04 at java.base/java.net.HttpURLConnection.getResponseCode(HttpURLConnection.java:529)
2024-10-03 14:18:04 at org.glassfish.jersey.client.internal.HttpUrlConnector._apply(HttpUrlConnector.java:449)
2024-10-03 14:18:04 at org.glassfish.jersey.client.internal.HttpUrlConnector.apply(HttpUrlConnector.java:286)
2024-10-03 14:18:04 ... 114 more
2024-10-03 14:18:04
2024-10-03 14:18:04 2024-10-03T12:18:04.930Z  WARN 1 --- [discovery-service] [           main] c.n.d.s.t.d.RetryableEurekaHttpClient    : Request execution failed with message: java.net.ConnectException: Connection refused
2024-10-03 14:18:04 2024-10-03T12:18:04.931Z  INFO 1 --- [discovery-service] [           main] com.netflix.discovery.DiscoveryClient    : DiscoveryClient_DISCOVERY-SERVICE/4bcf0d93f9f3:discovery-service - was unable to refresh its cache! This periodic background refresh will be retried in 30 seconds. status = Cannot execute request on any known server stacktrace = com.netflix.discovery.shared.transport.TransportException: Cannot execute request on any known server
2024-10-03 14:18:04 at com.netflix.discovery.shared.transport.decorator.RetryableEurekaHttpClient.execute(RetryableEurekaHttpClient.java:112)
2024-10-03 14:18:04 at com.netflix.discovery.shared.transport.decorator.EurekaHttpClientDecorator.getApplications(EurekaHttpClientDecorator.java:134)
2024-10-03 14:18:04 at com.netflix.discovery.shared.transport.decorator.EurekaHttpClientDecorator$6.execute(EurekaHttpClientDecorator.java:137)
2024-10-03 14:18:04 at com.netflix.discovery.shared.transport.decorator.SessionedEurekaHttpClient.execute(SessionedEurekaHttpClient.java:76)
2024-10-03 14:18:04 at com.netflix.discovery.shared.transport.decorator.EurekaHttpClientDecorator.getApplications(EurekaHttpClientDecorator.java:134)
2024-10-03 14:18:04 at com.netflix.discovery.DiscoveryClient.getAndStoreFullRegistry(DiscoveryClient.java:1046)
2024-10-03 14:18:04 at com.netflix.discovery.DiscoveryClient.fetchRegistry(DiscoveryClient.java:961)
2024-10-03 14:18:04 at com.netflix.discovery.DiscoveryClient.<init>(DiscoveryClient.java:410)
2024-10-03 14:18:04 at com.netflix.discovery.DiscoveryClient.<init>(DiscoveryClient.java:245)
2024-10-03 14:18:04 at com.netflix.discovery.DiscoveryClient.<init>(DiscoveryClient.java:240)
2024-10-03 14:18:04 at org.springframework.cloud.netflix.eureka.CloudEurekaClient.<init>(CloudEurekaClient.java:68)
2024-10-03 14:18:04 at org.springframework.cloud.netflix.eureka.EurekaClientAutoConfiguration$RefreshableEurekaClientConfiguration.eurekaClient(EurekaClientAutoConfiguration.java:321)
2024-10-03 14:18:04 at java.base/jdk.internal.reflect.NativeMethodAccessorImpl.invoke0(Native Method)
2024-10-03 14:18:04 at java.base/jdk.internal.reflect.NativeMethodAccessorImpl.invoke(NativeMethodAccessorImpl.java:77)
2024-10-03 14:18:04 at java.base/jdk.internal.reflect.DelegatingMethodAccessorImpl.invoke(DelegatingMethodAccessorImpl.java:43)
2024-10-03 14:18:04 at java.base/java.lang.reflect.Method.invoke(Method.java:569)
2024-10-03 14:18:04 at org.springframework.beans.factory.support.SimpleInstantiationStrategy.instantiate(SimpleInstantiationStrategy.java:146)
2024-10-03 14:18:04 at org.springframework.beans.factory.support.ConstructorResolver.instantiate(ConstructorResolver.java:644)
2024-10-03 14:18:04 at org.springframework.beans.factory.support.ConstructorResolver.instantiateUsingFactoryMethod(ConstructorResolver.java:636)
2024-10-03 14:18:04 at org.springframework.beans.factory.support.AbstractAutowireCapableBeanFactory.instantiateUsingFactoryMethod(AbstractAutowireCapableBeanFactory.java:1355)
2024-10-03 14:18:04 at org.springframework.beans.factory.support.AbstractAutowireCapableBeanFactory.createBeanInstance(AbstractAutowireCapableBeanFactory.java:1185)
2024-10-03 14:18:04 at org.springframework.beans.factory.support.AbstractAutowireCapableBeanFactory.doCreateBean(AbstractAutowireCapableBeanFactory.java:562)
2024-10-03 14:18:04 at org.springframework.beans.factory.support.AbstractAutowireCapableBeanFactory.createBean(AbstractAutowireCapableBeanFactory.java:522)
2024-10-03 14:18:04 at org.springframework.beans.factory.support.AbstractBeanFactory.lambda$doGetBean$1(AbstractBeanFactory.java:376)
2024-10-03 14:18:04 at org.springframework.cloud.context.scope.GenericScope$BeanLifecycleWrapper.getBean(GenericScope.java:375)
2024-10-03 14:18:04 at org.springframework.cloud.context.scope.GenericScope.get(GenericScope.java:179)
2024-10-03 14:18:04 at org.springframework.beans.factory.support.AbstractBeanFactory.doGetBean(AbstractBeanFactory.java:373)
2024-10-03 14:18:04 at org.springframework.beans.factory.support.AbstractBeanFactory.getBean(AbstractBeanFactory.java:200)
2024-10-03 14:18:04 at org.springframework.aop.target.SimpleBeanTargetSource.getTarget(SimpleBeanTargetSource.java:35)
2024-10-03 14:18:04 at org.springframework.aop.framework.JdkDynamicAopProxy.invoke(JdkDynamicAopProxy.java:203)
2024-10-03 14:18:04 at jdk.proxy2/jdk.proxy2.$Proxy72.getApplications(Unknown Source)
2024-10-03 14:18:04 at org.springframework.cloud.netflix.eureka.server.EurekaServerAutoConfiguration.peerAwareInstanceRegistry(EurekaServerAutoConfiguration.java:240)
2024-10-03 14:18:04 at java.base/jdk.internal.reflect.NativeMethodAccessorImpl.invoke0(Native Method)
2024-10-03 14:18:04 at java.base/jdk.internal.reflect.NativeMethodAccessorImpl.invoke(NativeMethodAccessorImpl.java:77)
2024-10-03 14:18:04 at java.base/jdk.internal.reflect.DelegatingMethodAccessorImpl.invoke(DelegatingMethodAccessorImpl.java:43)
2024-10-03 14:18:04 at java.base/java.lang.reflect.Method.invoke(Method.java:569)
2024-10-03 14:18:04 at org.springframework.beans.factory.support.SimpleInstantiationStrategy.instantiate(SimpleInstantiationStrategy.java:146)
2024-10-03 14:18:04 at org.springframework.beans.factory.support.ConstructorResolver.instantiate(ConstructorResolver.java:644)
2024-10-03 14:18:04 at org.springframework.beans.factory.support.ConstructorResolver.instantiateUsingFactoryMethod(ConstructorResolver.java:636)
2024-10-03 14:18:04 at org.springframework.beans.factory.support.AbstractAutowireCapableBeanFactory.instantiateUsingFactoryMethod(AbstractAutowireCapableBeanFactory.java:1355)
2024-10-03 14:18:04 at org.springframework.beans.factory.support.AbstractAutowireCapableBeanFactory.createBeanInstance(AbstractAutowireCapableBeanFactory.java:1185)
2024-10-03 14:18:04 at org.springframework.beans.factory.support.AbstractAutowireCapableBeanFactory.doCreateBean(AbstractAutowireCapableBeanFactory.java:562)
2024-10-03 14:18:04 at org.springframework.beans.factory.support.AbstractAutowireCapableBeanFactory.createBean(AbstractAutowireCapableBeanFactory.java:522)
2024-10-03 14:18:04 at org.springframework.beans.factory.support.AbstractBeanFactory.lambda$doGetBean$0(AbstractBeanFactory.java:337)
2024-10-03 14:18:04 at org.springframework.beans.factory.support.DefaultSingletonBeanRegistry.getSingleton(DefaultSingletonBeanRegistry.java:234)
2024-10-03 14:18:04 at org.springframework.beans.factory.support.AbstractBeanFactory.doGetBean(AbstractBeanFactory.java:335)
2024-10-03 14:18:04 at org.springframework.beans.factory.support.AbstractBeanFactory.getBean(AbstractBeanFactory.java:200)
2024-10-03 14:18:04 at org.springframework.beans.factory.config.DependencyDescriptor.resolveCandidate(DependencyDescriptor.java:254)
2024-10-03 14:18:04 at org.springframework.beans.factory.support.DefaultListableBeanFactory.doResolveDependency(DefaultListableBeanFactory.java:1443)
2024-10-03 14:18:04 at org.springframework.beans.factory.support.DefaultListableBeanFactory.resolveDependency(DefaultListableBeanFactory.java:1353)
2024-10-03 14:18:04 at org.springframework.beans.factory.support.ConstructorResolver.resolveAutowiredArgument(ConstructorResolver.java:904)
2024-10-03 14:18:04 at org.springframework.beans.factory.support.ConstructorResolver.createArgumentArray(ConstructorResolver.java:782)
2024-10-03 14:18:04 at org.springframework.beans.factory.support.ConstructorResolver.instantiateUsingFactoryMethod(ConstructorResolver.java:542)
2024-10-03 14:18:04 at org.springframework.beans.factory.support.AbstractAutowireCapableBeanFactory.instantiateUsingFactoryMethod(AbstractAutowireCapableBeanFactory.java:1355)
2024-10-03 14:18:04 at org.springframework.beans.factory.support.AbstractAutowireCapableBeanFactory.createBeanInstance(AbstractAutowireCapableBeanFactory.java:1185)
2024-10-03 14:18:04 at org.springframework.beans.factory.support.AbstractAutowireCapableBeanFactory.doCreateBean(AbstractAutowireCapableBeanFactory.java:562)
2024-10-03 14:18:04 at org.springframework.beans.factory.support.AbstractAutowireCapableBeanFactory.createBean(AbstractAutowireCapableBeanFactory.java:522)
2024-10-03 14:18:04 at org.springframework.beans.factory.support.AbstractBeanFactory.lambda$doGetBean$0(AbstractBeanFactory.java:337)
2024-10-03 14:18:04 at org.springframework.beans.factory.support.DefaultSingletonBeanRegistry.getSingleton(DefaultSingletonBeanRegistry.java:234)
2024-10-03 14:18:04 at org.springframework.beans.factory.support.AbstractBeanFactory.doGetBean(AbstractBeanFactory.java:335)
2024-10-03 14:18:04 at org.springframework.beans.factory.support.AbstractBeanFactory.getBean(AbstractBeanFactory.java:200)
2024-10-03 14:18:04 at org.springframework.beans.factory.config.DependencyDescriptor.resolveCandidate(DependencyDescriptor.java:254)
2024-10-03 14:18:04 at org.springframework.beans.factory.support.DefaultListableBeanFactory.doResolveDependency(DefaultListableBeanFactory.java:1443)
2024-10-03 14:18:04 at org.springframework.beans.factory.support.DefaultListableBeanFactory.resolveDependency(DefaultListableBeanFactory.java:1353)
2024-10-03 14:18:04 at org.springframework.beans.factory.annotation.AutowiredAnnotationBeanPostProcessor$AutowiredFieldElement.resolveFieldValue(AutowiredAnnotationBeanPostProcessor.java:785)
2024-10-03 14:18:04 at org.springframework.beans.factory.annotation.AutowiredAnnotationBeanPostProcessor$AutowiredFieldElement.inject(AutowiredAnnotationBeanPostProcessor.java:768)
2024-10-03 14:18:04 at org.springframework.beans.factory.annotation.InjectionMetadata.inject(InjectionMetadata.java:145)
2024-10-03 14:18:04 at org.springframework.beans.factory.annotation.AutowiredAnnotationBeanPostProcessor.postProcessProperties(AutowiredAnnotationBeanPostProcessor.java:509)
2024-10-03 14:18:04 at org.springframework.beans.factory.support.AbstractAutowireCapableBeanFactory.populateBean(AbstractAutowireCapableBeanFactory.java:1439)
2024-10-03 14:18:04 at org.springframework.beans.factory.support.AbstractAutowireCapableBeanFactory.doCreateBean(AbstractAutowireCapableBeanFactory.java:599)
2024-10-03 14:18:04 at org.springframework.beans.factory.support.AbstractAutowireCapableBeanFactory.createBean(AbstractAutowireCapableBeanFactory.java:522)
2024-10-03 14:18:04 at org.springframework.beans.factory.support.AbstractBeanFactory.lambda$doGetBean$0(AbstractBeanFactory.java:337)
2024-10-03 14:18:04 at org.springframework.beans.factory.support.DefaultSingletonBeanRegistry.getSingleton(DefaultSingletonBeanRegistry.java:234)
2024-10-03 14:18:04 at org.springframework.beans.factory.support.AbstractBeanFactory.doGetBean(AbstractBeanFactory.java:335)
2024-10-03 14:18:04 at org.springframework.beans.factory.support.AbstractBeanFactory.getBean(AbstractBeanFactory.java:200)
2024-10-03 14:18:04 at org.springframework.beans.factory.support.DefaultListableBeanFactory.preInstantiateSingletons(DefaultListableBeanFactory.java:975)
2024-10-03 14:18:04 at org.springframework.context.support.AbstractApplicationContext.finishBeanFactoryInitialization(AbstractApplicationContext.java:971)
2024-10-03 14:18:04 at org.springframework.context.support.AbstractApplicationContext.refresh(AbstractApplicationContext.java:625)
2024-10-03 14:18:04 at org.springframework.boot.web.servlet.context.ServletWebServerApplicationContext.refresh(ServletWebServerApplicationContext.java:146)
2024-10-03 14:18:04 at org.springframework.boot.SpringApplication.refresh(SpringApplication.java:754)
2024-10-03 14:18:04 at org.springframework.boot.SpringApplication.refreshContext(SpringApplication.java:456)
2024-10-03 14:18:04 at org.springframework.boot.SpringApplication.run(SpringApplication.java:335)
2024-10-03 14:18:04 at org.springframework.boot.SpringApplication.run(SpringApplication.java:1363)
2024-10-03 14:18:04 at org.springframework.boot.SpringApplication.run(SpringApplication.java:1352)
2024-10-03 14:18:04 at com.warrioracademy.discoveryservice.DiscoveryServiceApplication.main(DiscoveryServiceApplication.java:12)
2024-10-03 14:18:04 at java.base/jdk.internal.reflect.NativeMethodAccessorImpl.invoke0(Native Method)
2024-10-03 14:18:04 at java.base/jdk.internal.reflect.NativeMethodAccessorImpl.invoke(NativeMethodAccessorImpl.java:77)
2024-10-03 14:18:04 at java.base/jdk.internal.reflect.DelegatingMethodAccessorImpl.invoke(DelegatingMethodAccessorImpl.java:43)
2024-10-03 14:18:04 at java.base/java.lang.reflect.Method.invoke(Method.java:569)
2024-10-03 14:18:04 at org.springframework.boot.loader.launch.Launcher.launch(Launcher.java:102)
2024-10-03 14:18:04 at org.springframework.boot.loader.launch.Launcher.launch(Launcher.java:64)
2024-10-03 14:18:04 at org.springframework.boot.loader.launch.JarLauncher.main(JarLauncher.java:40)
2024-10-03 14:18:04
2024-10-03 14:18:04 2024-10-03T12:18:04.931Z  INFO 1 --- [discovery-service] [           main] com.netflix.discovery.DiscoveryClient    : Initial registry fetch from primary servers failed
2024-10-03 14:18:04 2024-10-03T12:18:04.931Z  WARN 1 --- [discovery-service] [           main] com.netflix.discovery.DiscoveryClient    : Using default backup registry implementation which does not do anything.
2024-10-03 14:18:04 2024-10-03T12:18:04.932Z  INFO 1 --- [discovery-service] [           main] com.netflix.discovery.DiscoveryClient    : Initial registry fetch from backup servers failed
2024-10-03 14:18:04 2024-10-03T12:18:04.934Z  INFO 1 --- [discovery-service] [           main] com.netflix.discovery.DiscoveryClient    : Starting heartbeat executor: renew interval is: 30
2024-10-03 14:18:04 2024-10-03T12:18:04.937Z  INFO 1 --- [discovery-service] [           main] c.n.discovery.InstanceInfoReplicator     : InstanceInfoReplicator onDemand update allowed rate per min is 4
2024-10-03 14:18:04 2024-10-03T12:18:04.938Z  INFO 1 --- [discovery-service] [           main] com.netflix.discovery.DiscoveryClient    : Discovery Client initialized at timestamp 1727957884938 with initial instances count: 0
2024-10-03 14:18:04 2024-10-03T12:18:04.984Z  INFO 1 --- [discovery-service] [           main] c.n.eureka.DefaultEurekaServerContext    : Initializing ...
2024-10-03 14:18:04 2024-10-03T12:18:04.986Z  INFO 1 --- [discovery-service] [           main] c.n.eureka.cluster.PeerEurekaNodes       : Adding new peer nodes [http://localhost:8761/eureka/]
2024-10-03 14:18:05 2024-10-03T12:18:05.094Z  INFO 1 --- [discovery-service] [           main] c.n.d.provider.DiscoveryJerseyProvider   : Using JSON encoding codec LegacyJacksonJson
2024-10-03 14:18:05 2024-10-03T12:18:05.094Z  INFO 1 --- [discovery-service] [           main] c.n.d.provider.DiscoveryJerseyProvider   : Using JSON decoding codec LegacyJacksonJson
2024-10-03 14:18:05 2024-10-03T12:18:05.095Z  INFO 1 --- [discovery-service] [           main] c.n.d.provider.DiscoveryJerseyProvider   : Using XML encoding codec XStreamXml
2024-10-03 14:18:05 2024-10-03T12:18:05.095Z  INFO 1 --- [discovery-service] [           main] c.n.d.provider.DiscoveryJerseyProvider   : Using XML decoding codec XStreamXml
2024-10-03 14:18:05 2024-10-03T12:18:05.119Z  INFO 1 --- [discovery-service] [           main] c.n.eureka.cluster.PeerEurekaNodes       : Replica node URL:  http://localhost:8761/eureka/
2024-10-03 14:18:05 2024-10-03T12:18:05.125Z  INFO 1 --- [discovery-service] [           main] c.n.e.registry.AbstractInstanceRegistry  : Finished initializing remote region registries. All known remote regions: []
2024-10-03 14:18:05 2024-10-03T12:18:05.126Z  INFO 1 --- [discovery-service] [           main] c.n.eureka.DefaultEurekaServerContext    : Initialized
2024-10-03 14:18:05 2024-10-03T12:18:05.133Z  INFO 1 --- [discovery-service] [           main] o.s.b.a.e.web.EndpointLinksResolver      : Exposing 1 endpoint beneath base path '/actuator'
2024-10-03 14:18:05 2024-10-03T12:18:05.179Z  INFO 1 --- [discovery-service] [           main] o.s.c.n.e.s.EurekaServiceRegistry        : Registering application DISCOVERY-SERVICE with eureka with status UP
2024-10-03 14:18:05 2024-10-03T12:18:05.180Z  INFO 1 --- [discovery-service] [           main] com.netflix.discovery.DiscoveryClient    : Saw local status change event StatusChangeEvent [timestamp=1727957885180, current=UP, previous=STARTING]
2024-10-03 14:18:05 2024-10-03T12:18:05.182Z  INFO 1 --- [discovery-service] [foReplicator-%d] com.netflix.discovery.DiscoveryClient    : DiscoveryClient_DISCOVERY-SERVICE/4bcf0d93f9f3:discovery-service: registering service...
2024-10-03 14:18:05 2024-10-03T12:18:05.192Z  INFO 1 --- [discovery-service] [       Thread-9] o.s.c.n.e.server.EurekaServerBootstrap   : isAws returned false
2024-10-03 14:18:05 2024-10-03T12:18:05.193Z  INFO 1 --- [discovery-service] [       Thread-9] o.s.c.n.e.server.EurekaServerBootstrap   : Initialized server context
2024-10-03 14:18:05 2024-10-03T12:18:05.200Z  INFO 1 --- [discovery-service] [           main] o.s.b.w.embedded.tomcat.TomcatWebServer  : Tomcat started on port 8080 (http) with context path '/'
2024-10-03 14:18:05 2024-10-03T12:18:05.201Z  INFO 1 --- [discovery-service] [foReplicator-%d] c.n.d.s.t.d.RedirectingEurekaHttpClient  : Request execution error. endpoint=DefaultEndpoint{ serviceUrl='http://localhost:8761/eureka/}, exception=java.net.ConnectException: Connection refused stacktrace=jakarta.ws.rs.ProcessingException: java.net.ConnectException: Connection refused
2024-10-03 14:18:05 at org.glassfish.jersey.client.internal.HttpUrlConnector.apply(HttpUrlConnector.java:288)
2024-10-03 14:18:05 at org.glassfish.jersey.client.ClientRuntime.invoke(ClientRuntime.java:300)
2024-10-03 14:18:05 at org.glassfish.jersey.client.JerseyInvocation.lambda$invoke$0(JerseyInvocation.java:674)
2024-10-03 14:18:05 at org.glassfish.jersey.client.JerseyInvocation.call(JerseyInvocation.java:709)
2024-10-03 14:18:05 at org.glassfish.jersey.client.JerseyInvocation.lambda$runInScope$3(JerseyInvocation.java:703)
2024-10-03 14:18:05 at org.glassfish.jersey.internal.Errors.process(Errors.java:292)
2024-10-03 14:18:05 at org.glassfish.jersey.internal.Errors.process(Errors.java:274)
2024-10-03 14:18:05 at org.glassfish.jersey.internal.Errors.process(Errors.java:205)
2024-10-03 14:18:05 at org.glassfish.jersey.process.internal.RequestScope.runInScope(RequestScope.java:391)
2024-10-03 14:18:05 at org.glassfish.jersey.client.JerseyInvocation.runInScope(JerseyInvocation.java:703)
2024-10-03 14:18:05 at org.glassfish.jersey.client.JerseyInvocation.invoke(JerseyInvocation.java:673)
2024-10-03 14:18:05 at org.glassfish.jersey.client.JerseyInvocation$Builder.method(JerseyInvocation.java:439)
2024-10-03 14:18:05 at org.glassfish.jersey.client.JerseyInvocation$Builder.post(JerseyInvocation.java:345)
2024-10-03 14:18:05 at com.netflix.discovery.shared.transport.jersey3.AbstractJersey3EurekaHttpClient.register(AbstractJersey3EurekaHttpClient.java:99)
2024-10-03 14:18:05 at com.netflix.discovery.shared.transport.decorator.EurekaHttpClientDecorator$1.execute(EurekaHttpClientDecorator.java:59)
2024-10-03 14:18:05 at com.netflix.discovery.shared.transport.decorator.MetricsCollectingEurekaHttpClient.execute(MetricsCollectingEurekaHttpClient.java:70)
2024-10-03 14:18:05 at com.netflix.discovery.shared.transport.decorator.EurekaHttpClientDecorator.register(EurekaHttpClientDecorator.java:56)
2024-10-03 14:18:05 at com.netflix.discovery.shared.transport.decorator.EurekaHttpClientDecorator$1.execute(EurekaHttpClientDecorator.java:59)
2024-10-03 14:18:05 at com.netflix.discovery.shared.transport.decorator.RedirectingEurekaHttpClient.executeOnNewServer(RedirectingEurekaHttpClient.java:121)
2024-10-03 14:18:05 at com.netflix.discovery.shared.transport.decorator.RedirectingEurekaHttpClient.execute(RedirectingEurekaHttpClient.java:80)
2024-10-03 14:18:05 at com.netflix.discovery.shared.transport.decorator.EurekaHttpClientDecorator.register(EurekaHttpClientDecorator.java:56)
2024-10-03 14:18:05 at com.netflix.discovery.shared.transport.decorator.EurekaHttpClientDecorator$1.execute(EurekaHttpClientDecorator.java:59)
2024-10-03 14:18:05 at com.netflix.discovery.shared.transport.decorator.RetryableEurekaHttpClient.execute(RetryableEurekaHttpClient.java:120)
2024-10-03 14:18:05 at com.netflix.discovery.shared.transport.decorator.EurekaHttpClientDecorator.register(EurekaHttpClientDecorator.java:56)
2024-10-03 14:18:05 at com.netflix.discovery.shared.transport.decorator.EurekaHttpClientDecorator$1.execute(EurekaHttpClientDecorator.java:59)
2024-10-03 14:18:05 at com.netflix.discovery.shared.transport.decorator.SessionedEurekaHttpClient.execute(SessionedEurekaHttpClient.java:76)
2024-10-03 14:18:05 at com.netflix.discovery.shared.transport.decorator.EurekaHttpClientDecorator.register(EurekaHttpClientDecorator.java:56)
2024-10-03 14:18:05 at com.netflix.discovery.DiscoveryClient.register(DiscoveryClient.java:828)
2024-10-03 14:18:05 at com.netflix.discovery.InstanceInfoReplicator.run(InstanceInfoReplicator.java:125)
2024-10-03 14:18:05 at com.netflix.discovery.InstanceInfoReplicator$2.run(InstanceInfoReplicator.java:105)
2024-10-03 14:18:05 at java.base/java.util.concurrent.Executors$RunnableAdapter.call(Executors.java:539)
2024-10-03 14:18:05 at java.base/java.util.concurrent.FutureTask.run(FutureTask.java:264)
2024-10-03 14:18:05 at java.base/java.util.concurrent.ScheduledThreadPoolExecutor$ScheduledFutureTask.run(ScheduledThreadPoolExecutor.java:304)
2024-10-03 14:18:05 at java.base/java.util.concurrent.ThreadPoolExecutor.runWorker(ThreadPoolExecutor.java:1136)
2024-10-03 14:18:05 at java.base/java.util.concurrent.ThreadPoolExecutor$Worker.run(ThreadPoolExecutor.java:635)
2024-10-03 14:18:05 at java.base/java.lang.Thread.run(Thread.java:840)
2024-10-03 14:18:05 Caused by: java.net.ConnectException: Connection refused
2024-10-03 14:18:05 at java.base/sun.nio.ch.Net.pollConnect(Native Method)
2024-10-03 14:18:05 at java.base/sun.nio.ch.Net.pollConnectNow(Net.java:672)
2024-10-03 14:18:05 at java.base/sun.nio.ch.NioSocketImpl.timedFinishConnect(NioSocketImpl.java:547)
2024-10-03 14:18:05 at java.base/sun.nio.ch.NioSocketImpl.connect(NioSocketImpl.java:602)
2024-10-03 14:18:05 at java.base/java.net.Socket.connect(Socket.java:633)
2024-10-03 14:18:05 at java.base/sun.net.NetworkClient.doConnect(NetworkClient.java:178)
2024-10-03 14:18:05 at java.base/sun.net.www.http.HttpClient.openServer(HttpClient.java:533)
2024-10-03 14:18:05 at java.base/sun.net.www.http.HttpClient.openServer(HttpClient.java:638)
2024-10-03 14:18:05 at java.base/sun.net.www.http.HttpClient.<init>(HttpClient.java:281)
2024-10-03 14:18:05 at java.base/sun.net.www.http.HttpClient.New(HttpClient.java:386)
2024-10-03 14:18:05 at java.base/sun.net.www.http.HttpClient.New(HttpClient.java:408)
2024-10-03 14:18:05 at java.base/sun.net.www.protocol.http.HttpURLConnection.getNewHttpClient(HttpURLConnection.java:1308)
2024-10-03 14:18:05 at java.base/sun.net.www.protocol.http.HttpURLConnection.plainConnect0(HttpURLConnection.java:1241)
2024-10-03 14:18:05 at java.base/sun.net.www.protocol.http.HttpURLConnection.plainConnect(HttpURLConnection.java:1127)
2024-10-03 14:18:05 at java.base/sun.net.www.protocol.http.HttpURLConnection.connect(HttpURLConnection.java:1056)
2024-10-03 14:18:05 at java.base/sun.net.www.protocol.http.HttpURLConnection.getInputStream0(HttpURLConnection.java:1686)
2024-10-03 14:18:05 at java.base/sun.net.www.protocol.http.HttpURLConnection.getInputStream(HttpURLConnection.java:1610)
2024-10-03 14:18:05 at java.base/java.net.HttpURLConnection.getResponseCode(HttpURLConnection.java:529)
2024-10-03 14:18:05 at org.glassfish.jersey.client.internal.HttpUrlConnector.handleException(HttpUrlConnector.java:620)
2024-10-03 14:18:05 at org.glassfish.jersey.client.internal.HttpUrlConnector._apply(HttpUrlConnector.java:446)
2024-10-03 14:18:05 at org.glassfish.jersey.client.internal.HttpUrlConnector.apply(HttpUrlConnector.java:286)
2024-10-03 14:18:05 ... 35 more
2024-10-03 14:18:05
2024-10-03 14:18:05 2024-10-03T12:18:05.201Z  WARN 1 --- [discovery-service] [foReplicator-%d] c.n.d.s.t.d.RetryableEurekaHttpClient    : Request execution failed with message: java.net.ConnectException: Connection refused
2024-10-03 14:18:05 2024-10-03T12:18:05.201Z  INFO 1 --- [discovery-service] [           main] .s.c.n.e.s.EurekaAutoServiceRegistration : Updating port to 8080
2024-10-03 14:18:05 2024-10-03T12:18:05.201Z  WARN 1 --- [discovery-service] [foReplicator-%d] com.netflix.discovery.DiscoveryClient    : DiscoveryClient_DISCOVERY-SERVICE/4bcf0d93f9f3:discovery-service - registration failed Cannot execute request on any known server
2024-10-03 14:18:05
2024-10-03 14:18:05 com.netflix.discovery.shared.transport.TransportException: Cannot execute request on any known server
2024-10-03 14:18:05 at com.netflix.discovery.shared.transport.decorator.RetryableEurekaHttpClient.execute(RetryableEurekaHttpClient.java:112) ~[eureka-client-2.0.3.jar!/:2.0.3]
2024-10-03 14:18:05 at com.netflix.discovery.shared.transport.decorator.EurekaHttpClientDecorator.register(EurekaHttpClientDecorator.java:56) ~[eureka-client-2.0.3.jar!/:2.0.3]
2024-10-03 14:18:05 at com.netflix.discovery.shared.transport.decorator.EurekaHttpClientDecorator$1.execute(EurekaHttpClientDecorator.java:59) ~[eureka-client-2.0.3.jar!/:2.0.3]
2024-10-03 14:18:05 at com.netflix.discovery.shared.transport.decorator.SessionedEurekaHttpClient.execute(SessionedEurekaHttpClient.java:76) ~[eureka-client-2.0.3.jar!/:2.0.3]
2024-10-03 14:18:05 at com.netflix.discovery.shared.transport.decorator.EurekaHttpClientDecorator.register(EurekaHttpClientDecorator.java:56) ~[eureka-client-2.0.3.jar!/:2.0.3]
2024-10-03 14:18:05 at com.netflix.discovery.DiscoveryClient.register(DiscoveryClient.java:828) ~[eureka-client-2.0.3.jar!/:2.0.3]
2024-10-03 14:18:05 at com.netflix.discovery.InstanceInfoReplicator.run(InstanceInfoReplicator.java:125) ~[eureka-client-2.0.3.jar!/:2.0.3]
2024-10-03 14:18:05 at com.netflix.discovery.InstanceInfoReplicator$2.run(InstanceInfoReplicator.java:105) ~[eureka-client-2.0.3.jar!/:2.0.3]
2024-10-03 14:18:05 at java.base/java.util.concurrent.Executors$RunnableAdapter.call(Executors.java:539) ~[na:na]
2024-10-03 14:18:05 at java.base/java.util.concurrent.FutureTask.run(FutureTask.java:264) ~[na:na]
2024-10-03 14:18:05 at java.base/java.util.concurrent.ScheduledThreadPoolExecutor$ScheduledFutureTask.run(ScheduledThreadPoolExecutor.java:304) ~[na:na]
2024-10-03 14:18:05 at java.base/java.util.concurrent.ThreadPoolExecutor.runWorker(ThreadPoolExecutor.java:1136) ~[na:na]
2024-10-03 14:18:05 at java.base/java.util.concurrent.ThreadPoolExecutor$Worker.run(ThreadPoolExecutor.java:635) ~[na:na]
2024-10-03 14:18:05 at java.base/java.lang.Thread.run(Thread.java:840) ~[na:na]
2024-10-03 14:18:05
2024-10-03 14:18:05 2024-10-03T12:18:05.208Z  WARN 1 --- [discovery-service] [foReplicator-%d] c.n.discovery.InstanceInfoReplicator     : There was a problem with the instance info replicator
2024-10-03 14:18:05
2024-10-03 14:18:05 com.netflix.discovery.shared.transport.TransportException: Cannot execute request on any known server
2024-10-03 14:18:05 at com.netflix.discovery.shared.transport.decorator.RetryableEurekaHttpClient.execute(RetryableEurekaHttpClient.java:112) ~[eureka-client-2.0.3.jar!/:2.0.3]
2024-10-03 14:18:05 at com.netflix.discovery.shared.transport.decorator.EurekaHttpClientDecorator.register(EurekaHttpClientDecorator.java:56) ~[eureka-client-2.0.3.jar!/:2.0.3]
2024-10-03 14:18:05 at com.netflix.discovery.shared.transport.decorator.EurekaHttpClientDecorator$1.execute(EurekaHttpClientDecorator.java:59) ~[eureka-client-2.0.3.jar!/:2.0.3]
2024-10-03 14:18:05 at com.netflix.discovery.shared.transport.decorator.SessionedEurekaHttpClient.execute(SessionedEurekaHttpClient.java:76) ~[eureka-client-2.0.3.jar!/:2.0.3]
2024-10-03 14:18:05 at com.netflix.discovery.shared.transport.decorator.EurekaHttpClientDecorator.register(EurekaHttpClientDecorator.java:56) ~[eureka-client-2.0.3.jar!/:2.0.3]
2024-10-03 14:18:05 at com.netflix.discovery.DiscoveryClient.register(DiscoveryClient.java:828) ~[eureka-client-2.0.3.jar!/:2.0.3]
2024-10-03 14:18:05 at com.netflix.discovery.InstanceInfoReplicator.run(InstanceInfoReplicator.java:125) ~[eureka-client-2.0.3.jar!/:2.0.3]
2024-10-03 14:18:05 at com.netflix.discovery.InstanceInfoReplicator$2.run(InstanceInfoReplicator.java:105) ~[eureka-client-2.0.3.jar!/:2.0.3]
2024-10-03 14:18:05 at java.base/java.util.concurrent.Executors$RunnableAdapter.call(Executors.java:539) ~[na:na]
2024-10-03 14:18:05 at java.base/java.util.concurrent.FutureTask.run(FutureTask.java:264) ~[na:na]
2024-10-03 14:18:05 at java.base/java.util.concurrent.ScheduledThreadPoolExecutor$ScheduledFutureTask.run(ScheduledThreadPoolExecutor.java:304) ~[na:na]
2024-10-03 14:18:05 at java.base/java.util.concurrent.ThreadPoolExecutor.runWorker(ThreadPoolExecutor.java:1136) ~[na:na]
2024-10-03 14:18:05 at java.base/java.util.concurrent.ThreadPoolExecutor$Worker.run(ThreadPoolExecutor.java:635) ~[na:na]
2024-10-03 14:18:05 at java.base/java.lang.Thread.run(Thread.java:840) ~[na:na]
2024-10-03 14:18:05
2024-10-03 14:18:05 2024-10-03T12:18:05.218Z  INFO 1 --- [discovery-service] [           main] c.w.d.DiscoveryServiceApplication        : Started DiscoveryServiceApplication in 4.668 seconds (process running for 5.279)
