2024-10-02 13:11:09 Standard Commons Logging discovery in action with spring-jcl: please remove commons-logging.jar from classpath in order to avoid potential conflicts
2024-10-02 13:11:16
2024-10-02 13:11:16   .   ____          _            __ _ _
2024-10-02 13:11:16  /\\ / ___'_ __ _ _(_)_ __  __ _ \ \ \ \
2024-10-02 13:11:16 ( ( )\___ | '_ | '_| | '_ \/ _` | \ \ \ \
2024-10-02 13:11:16  \\/  ___)| |_)| | | | | || (_| |  ) ) ) )
2024-10-02 13:11:16   '  |____| .__|_| |_|_| |_\__, | / / / /
2024-10-02 13:11:16  =========|_|==============|___/=/_/_/_/
2024-10-02 13:11:16
2024-10-02 13:11:16  :: Spring Boot ::                (v3.3.4)
2024-10-02 13:11:16
2024-10-02 13:11:17 2024-10-02T11:11:17.493Z  INFO 1 --- [discovery-service] [           main] c.w.d.DiscoveryServiceApplication        : Starting DiscoveryServiceApplication v0.0.1-SNAPSHOT using Java 17.0.12 with PID 1 (/services/app/discovery-service-0.0.1-SNAPSHOT.jar started by root in /services/app)
2024-10-02 13:11:17 2024-10-02T11:11:17.510Z  INFO 1 --- [discovery-service] [           main] c.w.d.DiscoveryServiceApplication        : The following 1 profile is active: "native"
2024-10-02 13:11:17 2024-10-02T11:11:17.777Z  INFO 1 --- [discovery-service] [           main] o.s.c.c.c.ConfigServerConfigDataLoader   : Fetching config from server at : http://lms-config:8888
2024-10-02 13:11:17 2024-10-02T11:11:17.777Z  INFO 1 --- [discovery-service] [           main] o.s.c.c.c.ConfigServerConfigDataLoader   : Exception on Url - http://lms-config:8888:org.springframework.web.client.ResourceAccessException: I/O error on GET request for "http://lms-config:8888/discovery-service/default": Connection refused. Will be trying the next url if available
2024-10-02 13:11:17 2024-10-02T11:11:17.778Z  WARN 1 --- [discovery-service] [           main] o.s.c.c.c.ConfigServerConfigDataLoader   : Could not locate PropertySource ([ConfigServerConfigDataResource@62417a16 uris = array<String>['http://lms-config:8888'], optional = true, profiles = 'default']): I/O error on GET request for "http://lms-config:8888/discovery-service/default": Connection refused
2024-10-02 13:11:17 2024-10-02T11:11:17.779Z  INFO 1 --- [discovery-service] [           main] o.s.c.c.c.ConfigServerConfigDataLoader   : Fetching config from server at : http://lms-config:8888
2024-10-02 13:11:17 2024-10-02T11:11:17.780Z  INFO 1 --- [discovery-service] [           main] o.s.c.c.c.ConfigServerConfigDataLoader   : Exception on Url - http://lms-config:8888:org.springframework.web.client.ResourceAccessException: I/O error on GET request for "http://lms-config:8888/discovery-service/native": Connection refused. Will be trying the next url if available
2024-10-02 13:11:17 2024-10-02T11:11:17.780Z  WARN 1 --- [discovery-service] [           main] o.s.c.c.c.ConfigServerConfigDataLoader   : Could not locate PropertySource ([ConfigServerConfigDataResource@302fec27 uris = array<String>['http://lms-config:8888'], optional = true, profiles = 'native']): I/O error on GET request for "http://lms-config:8888/discovery-service/native": Connection refused
2024-10-02 13:11:17 2024-10-02T11:11:17.780Z  INFO 1 --- [discovery-service] [           main] o.s.c.c.c.ConfigServerConfigDataLoader   : Fetching config from server at : http://lms-config:8888
2024-10-02 13:11:17 2024-10-02T11:11:17.781Z  INFO 1 --- [discovery-service] [           main] o.s.c.c.c.ConfigServerConfigDataLoader   : Exception on Url - http://lms-config:8888:org.springframework.web.client.ResourceAccessException: I/O error on GET request for "http://lms-config:8888/discovery-service/default": Connection refused. Will be trying the next url if available
2024-10-02 13:11:17 2024-10-02T11:11:17.781Z  WARN 1 --- [discovery-service] [           main] o.s.c.c.c.ConfigServerConfigDataLoader   : Could not locate PropertySource ([ConfigServerConfigDataResource@770d0ea6 uris = array<String>['http://lms-config:8888'], optional = true, profiles = 'default']): I/O error on GET request for "http://lms-config:8888/discovery-service/default": Connection refused
2024-10-02 13:11:23 2024-10-02T11:11:23.545Z  INFO 1 --- [discovery-service] [           main] o.s.cloud.context.scope.GenericScope     : BeanFactory id=b532631c-456a-32c3-addc-59afa9cb70df
2024-10-02 13:11:23 2024-10-02T11:11:23.799Z  WARN 1 --- [discovery-service] [           main] trationDelegate$BeanPostProcessorChecker : Bean 'org.springframework.cloud.client.loadbalancer.LoadBalancerAutoConfiguration$DeferringLoadBalancerInterceptorConfig' of type [org.springframework.cloud.client.loadbalancer.LoadBalancerAutoConfiguration$DeferringLoadBalancerInterceptorConfig] is not eligible for getting processed by all BeanPostProcessors (for example: not eligible for auto-proxying). The currently created BeanPostProcessor [lbRestClientPostProcessor] is declared through a non-static factory method on that class; consider declaring it as static instead.
2024-10-02 13:11:23 2024-10-02T11:11:23.845Z  WARN 1 --- [discovery-service] [           main] trationDelegate$BeanPostProcessorChecker : Bean 'deferringLoadBalancerInterceptor' of type [org.springframework.cloud.client.loadbalancer.DeferringLoadBalancerInterceptor] is not eligible for getting processed by all BeanPostProcessors (for example: not eligible for auto-proxying). Is this bean getting eagerly injected into a currently created BeanPostProcessor [lbRestClientPostProcessor]? Check the corresponding BeanPostProcessor declaration and its dependencies.
2024-10-02 13:11:24 2024-10-02T11:11:24.905Z  INFO 1 --- [discovery-service] [           main] o.s.b.w.embedded.tomcat.TomcatWebServer  : Tomcat initialized with port 8761 (http)
2024-10-02 13:11:24 2024-10-02T11:11:24.979Z  INFO 1 --- [discovery-service] [           main] o.apache.catalina.core.StandardService   : Starting service [Tomcat]
2024-10-02 13:11:24 2024-10-02T11:11:24.982Z  INFO 1 --- [discovery-service] [           main] o.apache.catalina.core.StandardEngine    : Starting Servlet engine: [Apache Tomcat/10.1.30]
2024-10-02 13:11:25 2024-10-02T11:11:25.087Z  INFO 1 --- [discovery-service] [           main] o.a.c.c.C.[Tomcat].[localhost].[/]       : Initializing Spring embedded WebApplicationContext
2024-10-02 13:11:25 2024-10-02T11:11:25.106Z  INFO 1 --- [discovery-service] [           main] w.s.c.ServletWebServerApplicationContext : Root WebApplicationContext: initialization completed in 7307 ms
2024-10-02 13:11:25 Standard Commons Logging discovery in action with spring-jcl: please remove commons-logging.jar from classpath in order to avoid potential conflicts
2024-10-02 13:11:29 2024-10-02T11:11:29.524Z  INFO 1 --- [discovery-service] [           main] c.n.d.provider.DiscoveryJerseyProvider   : Using JSON encoding codec LegacyJacksonJson
2024-10-02 13:11:29 2024-10-02T11:11:29.527Z  INFO 1 --- [discovery-service] [           main] c.n.d.provider.DiscoveryJerseyProvider   : Using JSON decoding codec LegacyJacksonJson
2024-10-02 13:11:30 2024-10-02T11:11:30.240Z  INFO 1 --- [discovery-service] [           main] c.n.d.provider.DiscoveryJerseyProvider   : Using XML encoding codec XStreamXml
2024-10-02 13:11:30 2024-10-02T11:11:30.241Z  INFO 1 --- [discovery-service] [           main] c.n.d.provider.DiscoveryJerseyProvider   : Using XML decoding codec XStreamXml
2024-10-02 13:11:34 2024-10-02T11:11:34.329Z  WARN 1 --- [discovery-service] [           main] iguration$LoadBalancerCaffeineWarnLogger : Spring Cloud LoadBalancer is currently working with the default cache. While this cache implementation is useful for development and tests, it's recommended to use Caffeine cache in production.You can switch to using Caffeine cache, by adding it and org.springframework.cache.caffeine.CaffeineCacheManager to the classpath.
2024-10-02 13:11:34 2024-10-02T11:11:34.425Z  INFO 1 --- [discovery-service] [           main] o.s.c.n.eureka.InstanceInfoFactory       : Setting initial instance status as: STARTING
2024-10-02 13:11:34 2024-10-02T11:11:34.485Z  INFO 1 --- [discovery-service] [           main] com.netflix.discovery.DiscoveryClient    : Initializing Eureka in region us-east-1
2024-10-02 13:11:34 2024-10-02T11:11:34.485Z  INFO 1 --- [discovery-service] [           main] com.netflix.discovery.DiscoveryClient    : Client configured to neither register nor query for data.
2024-10-02 13:11:34 2024-10-02T11:11:34.488Z  INFO 1 --- [discovery-service] [           main] com.netflix.discovery.DiscoveryClient    : Discovery Client initialized at timestamp 1727867494488 with initial instances count: 0
2024-10-02 13:11:34 2024-10-02T11:11:34.648Z  INFO 1 --- [discovery-service] [           main] c.n.eureka.DefaultEurekaServerContext    : Initializing ...
2024-10-02 13:11:34 2024-10-02T11:11:34.652Z  WARN 1 --- [discovery-service] [           main] c.n.eureka.cluster.PeerEurekaNodes       : The replica size seems to be empty. Check the route 53 DNS Registry
2024-10-02 13:11:34 2024-10-02T11:11:34.676Z  INFO 1 --- [discovery-service] [           main] c.n.e.registry.AbstractInstanceRegistry  : Finished initializing remote region registries. All known remote regions: []
2024-10-02 13:11:34 2024-10-02T11:11:34.676Z  INFO 1 --- [discovery-service] [           main] c.n.eureka.DefaultEurekaServerContext    : Initialized
2024-10-02 13:11:34 2024-10-02T11:11:34.714Z  INFO 1 --- [discovery-service] [           main] o.s.b.a.e.web.EndpointLinksResolver      : Exposing 1 endpoint beneath base path '/actuator'
2024-10-02 13:11:34 2024-10-02T11:11:34.892Z  INFO 1 --- [discovery-service] [           main] o.s.c.n.e.s.EurekaServiceRegistry        : Registering application DISCOVERY-SERVICE with eureka with status UP
2024-10-02 13:11:34 2024-10-02T11:11:34.968Z  INFO 1 --- [discovery-service] [       Thread-9] o.s.c.n.e.server.EurekaServerBootstrap   : isAws returned false
2024-10-02 13:11:34 2024-10-02T11:11:34.972Z  INFO 1 --- [discovery-service] [       Thread-9] o.s.c.n.e.server.EurekaServerBootstrap   : Initialized server context
2024-10-02 13:11:34 2024-10-02T11:11:34.973Z  INFO 1 --- [discovery-service] [       Thread-9] c.n.e.r.PeerAwareInstanceRegistryImpl    : Got 1 instances from neighboring DS node
2024-10-02 13:11:34 2024-10-02T11:11:34.974Z  INFO 1 --- [discovery-service] [       Thread-9] c.n.e.r.PeerAwareInstanceRegistryImpl    : Renew threshold is: 1
2024-10-02 13:11:34 2024-10-02T11:11:34.977Z  INFO 1 --- [discovery-service] [       Thread-9] c.n.e.r.PeerAwareInstanceRegistryImpl    : Changing status to UP
2024-10-02 13:11:34 2024-10-02T11:11:34.989Z  INFO 1 --- [discovery-service] [       Thread-9] e.s.EurekaServerInitializerConfiguration : Started Eureka Server
2024-10-02 13:11:35 2024-10-02T11:11:35.123Z  INFO 1 --- [discovery-service] [           main] o.s.b.w.embedded.tomcat.TomcatWebServer  : Tomcat started on port 8761 (http) with context path '/'
2024-10-02 13:11:35 2024-10-02T11:11:35.138Z  INFO 1 --- [discovery-service] [           main] .s.c.n.e.s.EurekaAutoServiceRegistration : Updating port to 8761
2024-10-02 13:11:35 2024-10-02T11:11:35.205Z  INFO 1 --- [discovery-service] [           main] c.w.d.DiscoveryServiceApplication        : Started DiscoveryServiceApplication in 23.236 seconds (process running for 27.552)
